/var/home/matias/miniforge3/envs/insar/lib/python3.11/site-packages/earthaccess/results.py:343: FutureWarning: As of version 1.0, `DataGranule.size` will be accessed as an attribute; e.g. use `DataCollection.size` **not** `DataCollection.size()`
  self["size"] = self.size()
/var/home/matias/miniforge3/envs/insar/lib/python3.11/site-packages/earthaccess/store.py:832: FutureWarning: As of version 1.0, `DataGranule.size` will be accessed as an attribute; e.g. use `DataCollection.size` **not** `DataCollection.size()`
  total_size = round(sum(granule.size() for granule in granules) / 1024, 2)
/var/home/matias/miniforge3/envs/insar/lib/python3.11/site-packages/earthaccess/results.py:343: FutureWarning: As of version 1.0, `DataGranule.size` will be accessed as an attribute; e.g. use `DataCollection.size` **not** `DataCollection.size()`
  self["size"] = self.size()
/var/home/matias/miniforge3/envs/insar/lib/python3.11/site-packages/earthaccess/store.py:832: FutureWarning: As of version 1.0, `DataGranule.size` will be accessed as an attribute; e.g. use `DataCollection.size` **not** `DataCollection.size()`
  total_size = round(sum(granule.size() for granule in granules) / 1024, 2)
  2019-01: ok (576x456 px)
  2019-02: ok (576x456 px)
  2019-03: ok (576x456 px)
  2019-04: ok (576x456 px)
  2019-05: ok (576x456 px)
  2019-06: ok (576x456 px)
  2019-07: ok (576x456 px)
  2019-08: ok (576x456 px)
  2019-09: ok (576x456 px)
  2019-10: ok (576x456 px)
  2019-11: ok (576x456 px)
  2019-12: ok (576x456 px)
  2020-01: ok (576x456 px)
  2020-02: ok (576x456 px)
  2020-03: ok (576x456 px)
  2020-04: ok (576x456 px)
  2020-05: ok (576x456 px)
  2020-06: ok (576x456 px)
  2020-07: ok (576x456 px)
  2020-08: ok (576x456 px)
  2020-09: ok (576x456 px)
  2020-10: ok (576x456 px)
  2020-11: ok (576x456 px)
  2020-12: ok (576x456 px)
  2021-01: ok (576x456 px)
  2021-02: ok (576x456 px)
  2021-03: ok (576x456 px)
  2021-04: ok (576x456 px)
  2021-05: ok (576x456 px)
  2021-06: ok (576x456 px)
  2021-07: ok (576x456 px)
  2021-08: ok (576x456 px)
  2021-09: ok (576x456 px)
  2021-10: ok (576x456 px)
  2021-11: ok (576x456 px)
  2021-12: ok (576x456 px)
  2022-01: ok (576x456 px)
  2022-02: ok (576x456 px)
  2022-03: ok (576x456 px)
  2022-04: ok (576x456 px)
  2022-05: ok (576x456 px)
  2022-06: ok (576x456 px)
  2022-07: ok (576x456 px)
  2022-08: ok (576x456 px)
  2022-09: ok (576x456 px)
  2022-10: ok (576x456 px)
  2022-11: ok (576x456 px)
  2022-12: ok (576x456 px)
  2023-01: ok (576x456 px)
  2023-02: ok (576x456 px)
  2023-03: ok (576x456 px)
  2023-04: ok (576x456 px)
  2023-05: ok (576x456 px)
  2023-06: ok (576x456 px)
  2023-07: ok (576x456 px)
  2023-08: ok (576x456 px)
  2023-09: ok (576x456 px)
  2023-10: ok (576x456 px)
  2023-11: ok (576x456 px)
  2023-12: ok (576x456 px)
  2024-01: ok (576x456 px)
  2024-02: ok (576x456 px)
  2024-03: ok (576x456 px)
  2024-04: ok (576x456 px)
  2024-05: ok (576x456 px)
  2024-07: ok (576x456 px)
  2024-08: ok (576x456 px)
  2024-09: ok (576x456 px)
  2024-10: ok (576x456 px)
  2024-11: ok (576x456 px)
  2024-12: ok (576x456 px)
  2025-01: ok (576x456 px)
  2025-02: ok (576x456 px)
  2025-03: ok (576x456 px)
  2025-04: ok (576x456 px)
  2025-05: ok (576x456 px)
  2025-06: ok (576x456 px)
  2025-07: ok (576x456 px)
  2025-08: ok (576x456 px)
  2025-09: ok (576x456 px)
  2025-10: ok (576x456 px)
  2025-11: ok (576x456 px)
  2025-12: ok (576x456 px)
  2026-01: ok (576x456 px)
  2026-02: ok (576x456 px)
  2026-03: ok (576x456 px)
  2026-04: ok (576x456 px)
  2026-05: sin tiles legibles
  2026-06: sin granules
listo: 88 meses en /var/home/matias/Projects/vaca-muerta-nightlights/data/_data/vnl
